<?xml version="1.0" encoding="UTF-8"?>
<testsuite xmlns:xsi="http://www.w3.org/2001/XMLSchema-instance" xsi:noNamespaceSchemaLocation="https://maven.apache.org/surefire/maven-surefire-plugin/xsd/surefire-test-report.xsd" name="com.example.repository.StudentRepositoryTest" time="0.445" tests="5" errors="0" skipped="0" failures="0">
  <properties>
    <property name="java.specification.version" value="17"/>
    <property name="sun.jnu.encoding" value="UTF-8"/>
    <property name="java.class.path" value="/home/development/dev/AAQUA/dynamodb-locally/target/test-classes:/home/development/dev/AAQUA/dynamodb-locally/target/classes:/home/development/.m2/repository/org/springframework/boot/spring-boot-starter-web/2.4.5/spring-boot-starter-web-2.4.5.jar:/home/development/.m2/repository/org/springframework/boot/spring-boot-starter/2.4.5/spring-boot-starter-2.4.5.jar:/home/development/.m2/repository/org/springframework/boot/spring-boot/2.4.5/spring-boot-2.4.5.jar:/home/development/.m2/repository/org/springframework/boot/spring-boot-autoconfigure/2.4.5/spring-boot-autoconfigure-2.4.5.jar:/home/development/.m2/repository/org/springframework/boot/spring-boot-starter-logging/2.4.5/spring-boot-starter-logging-2.4.5.jar:/home/development/.m2/repository/ch/qos/logback/logback-classic/1.2.3/logback-classic-1.2.3.jar:/home/development/.m2/repository/ch/qos/logback/logback-core/1.2.3/logback-core-1.2.3.jar:/home/development/.m2/repository/org/apache/logging/log4j/log4j-to-slf4j/2.13.3/log4j-to-slf4j-2.13.3.jar:/home/development/.m2/repository/org/apache/logging/log4j/log4j-api/2.13.3/log4j-api-2.13.3.jar:/home/development/.m2/repository/org/slf4j/jul-to-slf4j/1.7.30/jul-to-slf4j-1.7.30.jar:/home/development/.m2/repository/jakarta/annotation/jakarta.annotation-api/1.3.5/jakarta.annotation-api-1.3.5.jar:/home/development/.m2/repository/org/yaml/snakeyaml/1.27/snakeyaml-1.27.jar:/home/development/.m2/repository/org/springframework/boot/spring-boot-starter-json/2.4.5/spring-boot-starter-json-2.4.5.jar:/home/development/.m2/repository/com/fasterxml/jackson/core/jackson-databind/2.11.4/jackson-databind-2.11.4.jar:/home/development/.m2/repository/com/fasterxml/jackson/core/jackson-core/2.11.4/jackson-core-2.11.4.jar:/home/development/.m2/repository/com/fasterxml/jackson/datatype/jackson-datatype-jdk8/2.11.4/jackson-datatype-jdk8-2.11.4.jar:/home/development/.m2/repository/com/fasterxml/jackson/datatype/jackson-datatype-jsr310/2.11.4/jackson-datatype-jsr310-2.11.4.jar:/home/development/.m2/repository/com/fasterxml/jackson/module/jackson-module-parameter-names/2.11.4/jackson-module-parameter-names-2.11.4.jar:/home/development/.m2/repository/org/springframework/boot/spring-boot-starter-tomcat/2.4.5/spring-boot-starter-tomcat-2.4.5.jar:/home/development/.m2/repository/org/apache/tomcat/embed/tomcat-embed-core/9.0.45/tomcat-embed-core-9.0.45.jar:/home/development/.m2/repository/org/glassfish/jakarta.el/3.0.3/jakarta.el-3.0.3.jar:/home/development/.m2/repository/org/apache/tomcat/embed/tomcat-embed-websocket/9.0.45/tomcat-embed-websocket-9.0.45.jar:/home/development/.m2/repository/org/springframework/spring-web/5.3.6/spring-web-5.3.6.jar:/home/development/.m2/repository/org/springframework/spring-beans/5.3.6/spring-beans-5.3.6.jar:/home/development/.m2/repository/org/springframework/spring-webmvc/5.3.6/spring-webmvc-5.3.6.jar:/home/development/.m2/repository/org/springframework/spring-expression/5.3.6/spring-expression-5.3.6.jar:/home/development/.m2/repository/org/springframework/boot/spring-boot-starter-webflux/2.4.5/spring-boot-starter-webflux-2.4.5.jar:/home/development/.m2/repository/org/springframework/boot/spring-boot-starter-reactor-netty/2.4.5/spring-boot-starter-reactor-netty-2.4.5.jar:/home/development/.m2/repository/io/projectreactor/netty/reactor-netty-http/1.0.6/reactor-netty-http-1.0.6.jar:/home/development/.m2/repository/io/netty/netty-codec-http/4.1.63.Final/netty-codec-http-4.1.63.Final.jar:/home/development/.m2/repository/io/netty/netty-common/4.1.63.Final/netty-common-4.1.63.Final.jar:/home/development/.m2/repository/io/netty/netty-buffer/4.1.63.Final/netty-buffer-4.1.63.Final.jar:/home/development/.m2/repository/io/netty/netty-transport/4.1.63.Final/netty-transport-4.1.63.Final.jar:/home/development/.m2/repository/io/netty/netty-codec/4.1.63.Final/netty-codec-4.1.63.Final.jar:/home/development/.m2/repository/io/netty/netty-handler/4.1.63.Final/netty-handler-4.1.63.Final.jar:/home/development/.m2/repository/io/netty/netty-codec-http2/4.1.63.Final/netty-codec-http2-4.1.63.Final.jar:/home/development/.m2/repository/io/netty/netty-resolver-dns/4.1.63.Final/netty-resolver-dns-4.1.63.Final.jar:/home/development/.m2/repository/io/netty/netty-resolver/4.1.63.Final/netty-resolver-4.1.63.Final.jar:/home/development/.m2/repository/io/netty/netty-codec-dns/4.1.63.Final/netty-codec-dns-4.1.63.Final.jar:/home/development/.m2/repository/io/netty/netty-resolver-dns-native-macos/4.1.63.Final/netty-resolver-dns-native-macos-4.1.63.Final-osx-x86_64.jar:/home/development/.m2/repository/io/netty/netty-transport-native-unix-common/4.1.63.Final/netty-transport-native-unix-common-4.1.63.Final.jar:/home/development/.m2/repository/io/netty/netty-transport-native-epoll/4.1.63.Final/netty-transport-native-epoll-4.1.63.Final-linux-x86_64.jar:/home/development/.m2/repository/io/projectreactor/netty/reactor-netty-core/1.0.6/reactor-netty-core-1.0.6.jar:/home/development/.m2/repository/io/netty/netty-handler-proxy/4.1.63.Final/netty-handler-proxy-4.1.63.Final.jar:/home/development/.m2/repository/io/netty/netty-codec-socks/4.1.63.Final/netty-codec-socks-4.1.63.Final.jar:/home/development/.m2/repository/org/springframework/spring-webflux/5.3.6/spring-webflux-5.3.6.jar:/home/development/.m2/repository/io/projectreactor/reactor-core/3.4.5/reactor-core-3.4.5.jar:/home/development/.m2/repository/org/reactivestreams/reactive-streams/1.0.3/reactive-streams-1.0.3.jar:/home/development/.m2/repository/org/projectlombok/lombok/1.18.20/lombok-1.18.20.jar:/home/development/.m2/repository/org/springframework/boot/spring-boot-starter-test/2.4.5/spring-boot-starter-test-2.4.5.jar:/home/development/.m2/repository/org/springframework/boot/spring-boot-test/2.4.5/spring-boot-test-2.4.5.jar:/home/development/.m2/repository/org/springframework/boot/spring-boot-test-autoconfigure/2.4.5/spring-boot-test-autoconfigure-2.4.5.jar:/home/development/.m2/repository/com/jayway/jsonpath/json-path/2.4.0/json-path-2.4.0.jar:/home/development/.m2/repository/net/minidev/json-smart/2.3/json-smart-2.3.jar:/home/development/.m2/repository/net/minidev/accessors-smart/1.2/accessors-smart-1.2.jar:/home/development/.m2/repository/org/ow2/asm/asm/5.0.4/asm-5.0.4.jar:/home/development/.m2/repository/org/slf4j/slf4j-api/1.7.30/slf4j-api-1.7.30.jar:/home/development/.m2/repository/jakarta/xml/bind/jakarta.xml.bind-api/2.3.3/jakarta.xml.bind-api-2.3.3.jar:/home/development/.m2/repository/jakarta/activation/jakarta.activation-api/1.2.2/jakarta.activation-api-1.2.2.jar:/home/development/.m2/repository/org/assertj/assertj-core/3.18.1/assertj-core-3.18.1.jar:/home/development/.m2/repository/org/hamcrest/hamcrest/2.2/hamcrest-2.2.jar:/home/development/.m2/repository/org/junit/jupiter/junit-jupiter/5.7.1/junit-jupiter-5.7.1.jar:/home/development/.m2/repository/org/junit/jupiter/junit-jupiter-api/5.7.1/junit-jupiter-api-5.7.1.jar:/home/development/.m2/repository/org/opentest4j/opentest4j/1.2.0/opentest4j-1.2.0.jar:/home/development/.m2/repository/org/junit/platform/junit-platform-commons/1.7.1/junit-platform-commons-1.7.1.jar:/home/development/.m2/repository/org/junit/jupiter/junit-jupiter-params/5.7.1/junit-jupiter-params-5.7.1.jar:/home/development/.m2/repository/org/junit/jupiter/junit-jupiter-engine/5.7.1/junit-jupiter-engine-5.7.1.jar:/home/development/.m2/repository/org/junit/platform/junit-platform-engine/1.7.1/junit-platform-engine-1.7.1.jar:/home/development/.m2/repository/org/mockito/mockito-core/3.6.28/mockito-core-3.6.28.jar:/home/development/.m2/repository/net/bytebuddy/byte-buddy/1.10.22/byte-buddy-1.10.22.jar:/home/development/.m2/repository/net/bytebuddy/byte-buddy-agent/1.10.22/byte-buddy-agent-1.10.22.jar:/home/development/.m2/repository/org/objenesis/objenesis/3.1/objenesis-3.1.jar:/home/development/.m2/repository/org/mockito/mockito-junit-jupiter/3.6.28/mockito-junit-jupiter-3.6.28.jar:/home/development/.m2/repository/org/skyscreamer/jsonassert/1.5.0/jsonassert-1.5.0.jar:/home/development/.m2/repository/com/vaadin/external/google/android-json/0.0.20131108.vaadin1/android-json-0.0.20131108.vaadin1.jar:/home/development/.m2/repository/org/springframework/spring-core/5.3.6/spring-core-5.3.6.jar:/home/development/.m2/repository/org/springframework/spring-jcl/5.3.6/spring-jcl-5.3.6.jar:/home/development/.m2/repository/org/springframework/spring-test/5.3.6/spring-test-5.3.6.jar:/home/development/.m2/repository/org/xmlunit/xmlunit-core/2.7.0/xmlunit-core-2.7.0.jar:/home/development/.m2/repository/com/amazonaws/aws-java-sdk-dynamodb/1.12.532/aws-java-sdk-dynamodb-1.12.532.jar:/home/development/.m2/repository/com/amazonaws/aws-java-sdk-s3/1.12.532/aws-java-sdk-s3-1.12.532.jar:/home/development/.m2/repository/com/amazonaws/aws-java-sdk-kms/1.12.532/aws-java-sdk-kms-1.12.532.jar:/home/development/.m2/repository/com/amazonaws/aws-java-sdk-core/1.12.532/aws-java-sdk-core-1.12.532.jar:/home/development/.m2/repository/commons-logging/commons-logging/1.1.3/commons-logging-1.1.3.jar:/home/development/.m2/repository/commons-codec/commons-codec/1.15/commons-codec-1.15.jar:/home/development/.m2/repository/org/apache/httpcomponents/httpclient/4.5.13/httpclient-4.5.13.jar:/home/development/.m2/repository/org/apache/httpcomponents/httpcore/4.4.14/httpcore-4.4.14.jar:/home/development/.m2/repository/software/amazon/ion/ion-java/1.0.2/ion-java-1.0.2.jar:/home/development/.m2/repository/com/fasterxml/jackson/dataformat/jackson-dataformat-cbor/2.11.4/jackson-dataformat-cbor-2.11.4.jar:/home/development/.m2/repository/joda-time/joda-time/2.8.1/joda-time-2.8.1.jar:/home/development/.m2/repository/com/amazonaws/jmespath-java/1.12.532/jmespath-java-1.12.532.jar:/home/development/.m2/repository/com/github/derjust/spring-data-dynamodb/5.1.0/spring-data-dynamodb-5.1.0.jar:/home/development/.m2/repository/org/springframework/spring-context/5.3.6/spring-context-5.3.6.jar:/home/development/.m2/repository/org/springframework/spring-tx/5.3.6/spring-tx-5.3.6.jar:/home/development/.m2/repository/org/springframework/data/spring-data-commons/2.4.8/spring-data-commons-2.4.8.jar:/home/development/.m2/repository/org/hibernate/validator/hibernate-validator/6.1.7.Final/hibernate-validator-6.1.7.Final.jar:/home/development/.m2/repository/jakarta/validation/jakarta.validation-api/2.0.2/jakarta.validation-api-2.0.2.jar:/home/development/.m2/repository/org/jboss/logging/jboss-logging/3.4.1.Final/jboss-logging-3.4.1.Final.jar:/home/development/.m2/repository/com/fasterxml/classmate/1.5.1/classmate-1.5.1.jar:/home/development/.m2/repository/javax/enterprise/cdi-api/1.2/cdi-api-1.2.jar:/home/development/.m2/repository/javax/el/javax.el-api/3.0.0/javax.el-api-3.0.0.jar:/home/development/.m2/repository/javax/interceptor/javax.interceptor-api/1.2/javax.interceptor-api-1.2.jar:/home/development/.m2/repository/javax/inject/javax.inject/1/javax.inject-1.jar:/home/development/.m2/repository/io/github/boostchicken/spring-data-dynamodb/5.2.5/spring-data-dynamodb-5.2.5.jar:/home/development/.m2/repository/com/netflix/graphql/dgs/graphql-dgs-spring-boot-starter/3.11.0/graphql-dgs-spring-boot-starter-3.11.0.jar:/home/development/.m2/repository/com/netflix/graphql/dgs/graphql-dgs-spring-boot-oss-autoconfigure/3.11.0/graphql-dgs-spring-boot-oss-autoconfigure-3.11.0.jar:/home/development/.m2/repository/com/netflix/graphql/dgs/graphql-dgs/3.11.0/graphql-dgs-3.11.0.jar:/home/development/.m2/repository/com/netflix/graphql/dgs/graphql-dgs-mocking/3.11.0/graphql-dgs-mocking-3.11.0.jar:/home/development/.m2/repository/com/github/javafaker/javafaker/1.0.2/javafaker-1.0.2.jar:/home/development/.m2/repository/org/apache/commons/commons-lang3/3.11/commons-lang3-3.11.jar:/home/development/.m2/repository/org/yaml/snakeyaml/1.23/snakeyaml-1.23-android.jar:/home/development/.m2/repository/com/github/mifmif/generex/1.0.2/generex-1.0.2.jar:/home/development/.m2/repository/dk/brics/automaton/automaton/1.11-8/automaton-1.11-8.jar:/home/development/.m2/repository/com/apollographql/federation/federation-graphql-java-support/0.6.3/federation-graphql-java-support-0.6.3.jar:/home/development/.m2/repository/com/google/protobuf/protobuf-java/3.9.0/protobuf-java-3.9.0.jar:/home/development/.m2/repository/com/netflix/graphql/dgs/graphql-dgs-spring-webmvc/3.11.0/graphql-dgs-spring-webmvc-3.11.0.jar:/home/development/.m2/repository/org/jetbrains/kotlin/kotlin-reflect/1.4.32/kotlin-reflect-1.4.32.jar:/home/development/.m2/repository/com/netflix/graphql/dgs/graphql-dgs-spring-webmvc-autoconfigure/3.11.0/graphql-dgs-spring-webmvc-autoconfigure-3.11.0.jar:/home/development/.m2/repository/jakarta/servlet/jakarta.servlet-api/4.0.4/jakarta.servlet-api-4.0.4.jar:/home/development/.m2/repository/com/netflix/graphql/dgs/graphql-dgs-client/3.11.0/graphql-dgs-client-3.11.0.jar:/home/development/.m2/repository/com/fasterxml/jackson/core/jackson-annotations/2.11.4/jackson-annotations-2.11.4.jar:/home/development/.m2/repository/com/fasterxml/jackson/module/jackson-module-kotlin/2.11.4/jackson-module-kotlin-2.11.4.jar:/home/development/.m2/repository/com/netflix/graphql/dgs/graphql-error-types/3.11.0/graphql-error-types-3.11.0.jar:/home/development/.m2/repository/com/graphql-java/graphql-java/16.2/graphql-java-16.2.jar:/home/development/.m2/repository/com/graphql-java/java-dataloader/2.2.3/java-dataloader-2.2.3.jar:/home/development/.m2/repository/org/antlr/antlr4-runtime/4.8/antlr4-runtime-4.8.jar:/home/development/.m2/repository/org/jetbrains/kotlin/kotlin-stdlib-jdk8/1.4.32/kotlin-stdlib-jdk8-1.4.32.jar:/home/development/.m2/repository/org/jetbrains/kotlin/kotlin-stdlib/1.4.32/kotlin-stdlib-1.4.32.jar:/home/development/.m2/repository/org/jetbrains/kotlin/kotlin-stdlib-common/1.4.32/kotlin-stdlib-common-1.4.32.jar:/home/development/.m2/repository/org/jetbrains/annotations/13.0/annotations-13.0.jar:/home/development/.m2/repository/org/jetbrains/kotlin/kotlin-stdlib-jdk7/1.4.32/kotlin-stdlib-jdk7-1.4.32.jar:/home/development/.m2/repository/org/springframework/boot/spring-boot-starter-websocket/2.4.5/spring-boot-starter-websocket-2.4.5.jar:/home/development/.m2/repository/org/springframework/spring-messaging/5.3.6/spring-messaging-5.3.6.jar:/home/development/.m2/repository/org/springframework/spring-websocket/5.3.6/spring-websocket-5.3.6.jar:/home/development/.m2/repository/junit/junit/4.13.2/junit-4.13.2.jar:/home/development/.m2/repository/org/hamcrest/hamcrest-core/2.2/hamcrest-core-2.2.jar:/home/development/.m2/repository/io/cucumber/cucumber-core/6.8.0/cucumber-core-6.8.0.jar:/home/development/.m2/repository/io/cucumber/cucumber-gherkin/6.8.0/cucumber-gherkin-6.8.0.jar:/home/development/.m2/repository/io/cucumber/cucumber-gherkin-messages/6.8.0/cucumber-gherkin-messages-6.8.0.jar:/home/development/.m2/repository/io/cucumber/messages/13.1.0/messages-13.1.0.jar:/home/development/.m2/repository/io/cucumber/tag-expressions/3.0.0/tag-expressions-3.0.0.jar:/home/development/.m2/repository/io/cucumber/cucumber-expressions/10.3.0/cucumber-expressions-10.3.0.jar:/home/development/.m2/repository/io/cucumber/datatable/3.5.0/datatable-3.5.0.jar:/home/development/.m2/repository/io/cucumber/cucumber-plugin/6.8.0/cucumber-plugin-6.8.0.jar:/home/development/.m2/repository/io/cucumber/docstring/6.8.0/docstring-6.8.0.jar:/home/development/.m2/repository/io/cucumber/html-formatter/9.0.0/html-formatter-9.0.0.jar:/home/development/.m2/repository/io/cucumber/create-meta/2.0.2/create-meta-2.0.2.jar:/home/development/.m2/repository/org/apiguardian/apiguardian-api/1.1.0/apiguardian-api-1.1.0.jar:/home/development/.m2/repository/io/cucumber/cucumber-java/6.8.0/cucumber-java-6.8.0.jar:/home/development/.m2/repository/io/cucumber/cucumber-junit/6.8.0/cucumber-junit-6.8.0.jar:/home/development/.m2/repository/io/cucumber/cucumber-spring/6.8.0/cucumber-spring-6.8.0.jar:/home/development/.m2/repository/org/springframework/boot/spring-boot-starter-security/2.4.5/spring-boot-starter-security-2.4.5.jar:/home/development/.m2/repository/org/springframework/spring-aop/5.3.6/spring-aop-5.3.6.jar:/home/development/.m2/repository/org/springframework/security/spring-security-config/5.4.6/spring-security-config-5.4.6.jar:/home/development/.m2/repository/org/springframework/security/spring-security-web/5.4.6/spring-security-web-5.4.6.jar:/home/development/.m2/repository/com/google/guava/guava/31.0.1-jre/guava-31.0.1-jre.jar:/home/development/.m2/repository/com/google/guava/failureaccess/1.0.1/failureaccess-1.0.1.jar:/home/development/.m2/repository/com/google/guava/listenablefuture/9999.0-empty-to-avoid-conflict-with-guava/listenablefuture-9999.0-empty-to-avoid-conflict-with-guava.jar:/home/development/.m2/repository/com/google/code/findbugs/jsr305/3.0.2/jsr305-3.0.2.jar:/home/development/.m2/repository/org/checkerframework/checker-qual/3.12.0/checker-qual-3.12.0.jar:/home/development/.m2/repository/com/google/errorprone/error_prone_annotations/2.7.1/error_prone_annotations-2.7.1.jar:/home/development/.m2/repository/com/google/j2objc/j2objc-annotations/1.3/j2objc-annotations-1.3.jar:/home/development/.m2/repository/org/springframework/security/spring-security-test/5.4.6/spring-security-test-5.4.6.jar:/home/development/.m2/repository/org/springframework/security/spring-security-core/5.4.6/spring-security-core-5.4.6.jar:"/>
    <property name="java.vm.vendor" value="Amazon.com Inc."/>
    <property name="sun.arch.data.model" value="64"/>
    <property name="java.vendor.url" value="https://aws.amazon.com/corretto/"/>
    <property name="os.name" value="Linux"/>
    <property name="java.vm.specification.version" value="17"/>
    <property name="sun.java.launcher" value="SUN_STANDARD"/>
    <property name="user.country" value="US"/>
    <property name="sun.boot.library.path" value="/home/development/.jdks/corretto-17.0.8/lib"/>
    <property name="sun.java.command" value="/home/development/dev/AAQUA/dynamodb-locally/target/surefire/surefirebooter10012788663638945348.jar /home/development/dev/AAQUA/dynamodb-locally/target/surefire 2023-09-20T20-38-10_717-jvmRun1 surefire5434944137681094492tmp surefire_010214440189303718533tmp"/>
    <property name="jdk.debug" value="release"/>
    <property name="surefire.test.class.path" value="/home/development/dev/AAQUA/dynamodb-locally/target/test-classes:/home/development/dev/AAQUA/dynamodb-locally/target/classes:/home/development/.m2/repository/org/springframework/boot/spring-boot-starter-web/2.4.5/spring-boot-starter-web-2.4.5.jar:/home/development/.m2/repository/org/springframework/boot/spring-boot-starter/2.4.5/spring-boot-starter-2.4.5.jar:/home/development/.m2/repository/org/springframework/boot/spring-boot/2.4.5/spring-boot-2.4.5.jar:/home/development/.m2/repository/org/springframework/boot/spring-boot-autoconfigure/2.4.5/spring-boot-autoconfigure-2.4.5.jar:/home/development/.m2/repository/org/springframework/boot/spring-boot-starter-logging/2.4.5/spring-boot-starter-logging-2.4.5.jar:/home/development/.m2/repository/ch/qos/logback/logback-classic/1.2.3/logback-classic-1.2.3.jar:/home/development/.m2/repository/ch/qos/logback/logback-core/1.2.3/logback-core-1.2.3.jar:/home/development/.m2/repository/org/apache/logging/log4j/log4j-to-slf4j/2.13.3/log4j-to-slf4j-2.13.3.jar:/home/development/.m2/repository/org/apache/logging/log4j/log4j-api/2.13.3/log4j-api-2.13.3.jar:/home/development/.m2/repository/org/slf4j/jul-to-slf4j/1.7.30/jul-to-slf4j-1.7.30.jar:/home/development/.m2/repository/jakarta/annotation/jakarta.annotation-api/1.3.5/jakarta.annotation-api-1.3.5.jar:/home/development/.m2/repository/org/yaml/snakeyaml/1.27/snakeyaml-1.27.jar:/home/development/.m2/repository/org/springframework/boot/spring-boot-starter-json/2.4.5/spring-boot-starter-json-2.4.5.jar:/home/development/.m2/repository/com/fasterxml/jackson/core/jackson-databind/2.11.4/jackson-databind-2.11.4.jar:/home/development/.m2/repository/com/fasterxml/jackson/core/jackson-core/2.11.4/jackson-core-2.11.4.jar:/home/development/.m2/repository/com/fasterxml/jackson/datatype/jackson-datatype-jdk8/2.11.4/jackson-datatype-jdk8-2.11.4.jar:/home/development/.m2/repository/com/fasterxml/jackson/datatype/jackson-datatype-jsr310/2.11.4/jackson-datatype-jsr310-2.11.4.jar:/home/development/.m2/repository/com/fasterxml/jackson/module/jackson-module-parameter-names/2.11.4/jackson-module-parameter-names-2.11.4.jar:/home/development/.m2/repository/org/springframework/boot/spring-boot-starter-tomcat/2.4.5/spring-boot-starter-tomcat-2.4.5.jar:/home/development/.m2/repository/org/apache/tomcat/embed/tomcat-embed-core/9.0.45/tomcat-embed-core-9.0.45.jar:/home/development/.m2/repository/org/glassfish/jakarta.el/3.0.3/jakarta.el-3.0.3.jar:/home/development/.m2/repository/org/apache/tomcat/embed/tomcat-embed-websocket/9.0.45/tomcat-embed-websocket-9.0.45.jar:/home/development/.m2/repository/org/springframework/spring-web/5.3.6/spring-web-5.3.6.jar:/home/development/.m2/repository/org/springframework/spring-beans/5.3.6/spring-beans-5.3.6.jar:/home/development/.m2/repository/org/springframework/spring-webmvc/5.3.6/spring-webmvc-5.3.6.jar:/home/development/.m2/repository/org/springframework/spring-expression/5.3.6/spring-expression-5.3.6.jar:/home/development/.m2/repository/org/springframework/boot/spring-boot-starter-webflux/2.4.5/spring-boot-starter-webflux-2.4.5.jar:/home/development/.m2/repository/org/springframework/boot/spring-boot-starter-reactor-netty/2.4.5/spring-boot-starter-reactor-netty-2.4.5.jar:/home/development/.m2/repository/io/projectreactor/netty/reactor-netty-http/1.0.6/reactor-netty-http-1.0.6.jar:/home/development/.m2/repository/io/netty/netty-codec-http/4.1.63.Final/netty-codec-http-4.1.63.Final.jar:/home/development/.m2/repository/io/netty/netty-common/4.1.63.Final/netty-common-4.1.63.Final.jar:/home/development/.m2/repository/io/netty/netty-buffer/4.1.63.Final/netty-buffer-4.1.63.Final.jar:/home/development/.m2/repository/io/netty/netty-transport/4.1.63.Final/netty-transport-4.1.63.Final.jar:/home/development/.m2/repository/io/netty/netty-codec/4.1.63.Final/netty-codec-4.1.63.Final.jar:/home/development/.m2/repository/io/netty/netty-handler/4.1.63.Final/netty-handler-4.1.63.Final.jar:/home/development/.m2/repository/io/netty/netty-codec-http2/4.1.63.Final/netty-codec-http2-4.1.63.Final.jar:/home/development/.m2/repository/io/netty/netty-resolver-dns/4.1.63.Final/netty-resolver-dns-4.1.63.Final.jar:/home/development/.m2/repository/io/netty/netty-resolver/4.1.63.Final/netty-resolver-4.1.63.Final.jar:/home/development/.m2/repository/io/netty/netty-codec-dns/4.1.63.Final/netty-codec-dns-4.1.63.Final.jar:/home/development/.m2/repository/io/netty/netty-resolver-dns-native-macos/4.1.63.Final/netty-resolver-dns-native-macos-4.1.63.Final-osx-x86_64.jar:/home/development/.m2/repository/io/netty/netty-transport-native-unix-common/4.1.63.Final/netty-transport-native-unix-common-4.1.63.Final.jar:/home/development/.m2/repository/io/netty/netty-transport-native-epoll/4.1.63.Final/netty-transport-native-epoll-4.1.63.Final-linux-x86_64.jar:/home/development/.m2/repository/io/projectreactor/netty/reactor-netty-core/1.0.6/reactor-netty-core-1.0.6.jar:/home/development/.m2/repository/io/netty/netty-handler-proxy/4.1.63.Final/netty-handler-proxy-4.1.63.Final.jar:/home/development/.m2/repository/io/netty/netty-codec-socks/4.1.63.Final/netty-codec-socks-4.1.63.Final.jar:/home/development/.m2/repository/org/springframework/spring-webflux/5.3.6/spring-webflux-5.3.6.jar:/home/development/.m2/repository/io/projectreactor/reactor-core/3.4.5/reactor-core-3.4.5.jar:/home/development/.m2/repository/org/reactivestreams/reactive-streams/1.0.3/reactive-streams-1.0.3.jar:/home/development/.m2/repository/org/projectlombok/lombok/1.18.20/lombok-1.18.20.jar:/home/development/.m2/repository/org/springframework/boot/spring-boot-starter-test/2.4.5/spring-boot-starter-test-2.4.5.jar:/home/development/.m2/repository/org/springframework/boot/spring-boot-test/2.4.5/spring-boot-test-2.4.5.jar:/home/development/.m2/repository/org/springframework/boot/spring-boot-test-autoconfigure/2.4.5/spring-boot-test-autoconfigure-2.4.5.jar:/home/development/.m2/repository/com/jayway/jsonpath/json-path/2.4.0/json-path-2.4.0.jar:/home/development/.m2/repository/net/minidev/json-smart/2.3/json-smart-2.3.jar:/home/development/.m2/repository/net/minidev/accessors-smart/1.2/accessors-smart-1.2.jar:/home/development/.m2/repository/org/ow2/asm/asm/5.0.4/asm-5.0.4.jar:/home/development/.m2/repository/org/slf4j/slf4j-api/1.7.30/slf4j-api-1.7.30.jar:/home/development/.m2/repository/jakarta/xml/bind/jakarta.xml.bind-api/2.3.3/jakarta.xml.bind-api-2.3.3.jar:/home/development/.m2/repository/jakarta/activation/jakarta.activation-api/1.2.2/jakarta.activation-api-1.2.2.jar:/home/development/.m2/repository/org/assertj/assertj-core/3.18.1/assertj-core-3.18.1.jar:/home/development/.m2/repository/org/hamcrest/hamcrest/2.2/hamcrest-2.2.jar:/home/development/.m2/repository/org/junit/jupiter/junit-jupiter/5.7.1/junit-jupiter-5.7.1.jar:/home/development/.m2/repository/org/junit/jupiter/junit-jupiter-api/5.7.1/junit-jupiter-api-5.7.1.jar:/home/development/.m2/repository/org/opentest4j/opentest4j/1.2.0/opentest4j-1.2.0.jar:/home/development/.m2/repository/org/junit/platform/junit-platform-commons/1.7.1/junit-platform-commons-1.7.1.jar:/home/development/.m2/repository/org/junit/jupiter/junit-jupiter-params/5.7.1/junit-jupiter-params-5.7.1.jar:/home/development/.m2/repository/org/junit/jupiter/junit-jupiter-engine/5.7.1/junit-jupiter-engine-5.7.1.jar:/home/development/.m2/repository/org/junit/platform/junit-platform-engine/1.7.1/junit-platform-engine-1.7.1.jar:/home/development/.m2/repository/org/mockito/mockito-core/3.6.28/mockito-core-3.6.28.jar:/home/development/.m2/repository/net/bytebuddy/byte-buddy/1.10.22/byte-buddy-1.10.22.jar:/home/development/.m2/repository/net/bytebuddy/byte-buddy-agent/1.10.22/byte-buddy-agent-1.10.22.jar:/home/development/.m2/repository/org/objenesis/objenesis/3.1/objenesis-3.1.jar:/home/development/.m2/repository/org/mockito/mockito-junit-jupiter/3.6.28/mockito-junit-jupiter-3.6.28.jar:/home/development/.m2/repository/org/skyscreamer/jsonassert/1.5.0/jsonassert-1.5.0.jar:/home/development/.m2/repository/com/vaadin/external/google/android-json/0.0.20131108.vaadin1/android-json-0.0.20131108.vaadin1.jar:/home/development/.m2/repository/org/springframework/spring-core/5.3.6/spring-core-5.3.6.jar:/home/development/.m2/repository/org/springframework/spring-jcl/5.3.6/spring-jcl-5.3.6.jar:/home/development/.m2/repository/org/springframework/spring-test/5.3.6/spring-test-5.3.6.jar:/home/development/.m2/repository/org/xmlunit/xmlunit-core/2.7.0/xmlunit-core-2.7.0.jar:/home/development/.m2/repository/com/amazonaws/aws-java-sdk-dynamodb/1.12.532/aws-java-sdk-dynamodb-1.12.532.jar:/home/development/.m2/repository/com/amazonaws/aws-java-sdk-s3/1.12.532/aws-java-sdk-s3-1.12.532.jar:/home/development/.m2/repository/com/amazonaws/aws-java-sdk-kms/1.12.532/aws-java-sdk-kms-1.12.532.jar:/home/development/.m2/repository/com/amazonaws/aws-java-sdk-core/1.12.532/aws-java-sdk-core-1.12.532.jar:/home/development/.m2/repository/commons-logging/commons-logging/1.1.3/commons-logging-1.1.3.jar:/home/development/.m2/repository/commons-codec/commons-codec/1.15/commons-codec-1.15.jar:/home/development/.m2/repository/org/apache/httpcomponents/httpclient/4.5.13/httpclient-4.5.13.jar:/home/development/.m2/repository/org/apache/httpcomponents/httpcore/4.4.14/httpcore-4.4.14.jar:/home/development/.m2/repository/software/amazon/ion/ion-java/1.0.2/ion-java-1.0.2.jar:/home/development/.m2/repository/com/fasterxml/jackson/dataformat/jackson-dataformat-cbor/2.11.4/jackson-dataformat-cbor-2.11.4.jar:/home/development/.m2/repository/joda-time/joda-time/2.8.1/joda-time-2.8.1.jar:/home/development/.m2/repository/com/amazonaws/jmespath-java/1.12.532/jmespath-java-1.12.532.jar:/home/development/.m2/repository/com/github/derjust/spring-data-dynamodb/5.1.0/spring-data-dynamodb-5.1.0.jar:/home/development/.m2/repository/org/springframework/spring-context/5.3.6/spring-context-5.3.6.jar:/home/development/.m2/repository/org/springframework/spring-tx/5.3.6/spring-tx-5.3.6.jar:/home/development/.m2/repository/org/springframework/data/spring-data-commons/2.4.8/spring-data-commons-2.4.8.jar:/home/development/.m2/repository/org/hibernate/validator/hibernate-validator/6.1.7.Final/hibernate-validator-6.1.7.Final.jar:/home/development/.m2/repository/jakarta/validation/jakarta.validation-api/2.0.2/jakarta.validation-api-2.0.2.jar:/home/development/.m2/repository/org/jboss/logging/jboss-logging/3.4.1.Final/jboss-logging-3.4.1.Final.jar:/home/development/.m2/repository/com/fasterxml/classmate/1.5.1/classmate-1.5.1.jar:/home/development/.m2/repository/javax/enterprise/cdi-api/1.2/cdi-api-1.2.jar:/home/development/.m2/repository/javax/el/javax.el-api/3.0.0/javax.el-api-3.0.0.jar:/home/development/.m2/repository/javax/interceptor/javax.interceptor-api/1.2/javax.interceptor-api-1.2.jar:/home/development/.m2/repository/javax/inject/javax.inject/1/javax.inject-1.jar:/home/development/.m2/repository/io/github/boostchicken/spring-data-dynamodb/5.2.5/spring-data-dynamodb-5.2.5.jar:/home/development/.m2/repository/com/netflix/graphql/dgs/graphql-dgs-spring-boot-starter/3.11.0/graphql-dgs-spring-boot-starter-3.11.0.jar:/home/development/.m2/repository/com/netflix/graphql/dgs/graphql-dgs-spring-boot-oss-autoconfigure/3.11.0/graphql-dgs-spring-boot-oss-autoconfigure-3.11.0.jar:/home/development/.m2/repository/com/netflix/graphql/dgs/graphql-dgs/3.11.0/graphql-dgs-3.11.0.jar:/home/development/.m2/repository/com/netflix/graphql/dgs/graphql-dgs-mocking/3.11.0/graphql-dgs-mocking-3.11.0.jar:/home/development/.m2/repository/com/github/javafaker/javafaker/1.0.2/javafaker-1.0.2.jar:/home/development/.m2/repository/org/apache/commons/commons-lang3/3.11/commons-lang3-3.11.jar:/home/development/.m2/repository/org/yaml/snakeyaml/1.23/snakeyaml-1.23-android.jar:/home/development/.m2/repository/com/github/mifmif/generex/1.0.2/generex-1.0.2.jar:/home/development/.m2/repository/dk/brics/automaton/automaton/1.11-8/automaton-1.11-8.jar:/home/development/.m2/repository/com/apollographql/federation/federation-graphql-java-support/0.6.3/federation-graphql-java-support-0.6.3.jar:/home/development/.m2/repository/com/google/protobuf/protobuf-java/3.9.0/protobuf-java-3.9.0.jar:/home/development/.m2/repository/com/netflix/graphql/dgs/graphql-dgs-spring-webmvc/3.11.0/graphql-dgs-spring-webmvc-3.11.0.jar:/home/development/.m2/repository/org/jetbrains/kotlin/kotlin-reflect/1.4.32/kotlin-reflect-1.4.32.jar:/home/development/.m2/repository/com/netflix/graphql/dgs/graphql-dgs-spring-webmvc-autoconfigure/3.11.0/graphql-dgs-spring-webmvc-autoconfigure-3.11.0.jar:/home/development/.m2/repository/jakarta/servlet/jakarta.servlet-api/4.0.4/jakarta.servlet-api-4.0.4.jar:/home/development/.m2/repository/com/netflix/graphql/dgs/graphql-dgs-client/3.11.0/graphql-dgs-client-3.11.0.jar:/home/development/.m2/repository/com/fasterxml/jackson/core/jackson-annotations/2.11.4/jackson-annotations-2.11.4.jar:/home/development/.m2/repository/com/fasterxml/jackson/module/jackson-module-kotlin/2.11.4/jackson-module-kotlin-2.11.4.jar:/home/development/.m2/repository/com/netflix/graphql/dgs/graphql-error-types/3.11.0/graphql-error-types-3.11.0.jar:/home/development/.m2/repository/com/graphql-java/graphql-java/16.2/graphql-java-16.2.jar:/home/development/.m2/repository/com/graphql-java/java-dataloader/2.2.3/java-dataloader-2.2.3.jar:/home/development/.m2/repository/org/antlr/antlr4-runtime/4.8/antlr4-runtime-4.8.jar:/home/development/.m2/repository/org/jetbrains/kotlin/kotlin-stdlib-jdk8/1.4.32/kotlin-stdlib-jdk8-1.4.32.jar:/home/development/.m2/repository/org/jetbrains/kotlin/kotlin-stdlib/1.4.32/kotlin-stdlib-1.4.32.jar:/home/development/.m2/repository/org/jetbrains/kotlin/kotlin-stdlib-common/1.4.32/kotlin-stdlib-common-1.4.32.jar:/home/development/.m2/repository/org/jetbrains/annotations/13.0/annotations-13.0.jar:/home/development/.m2/repository/org/jetbrains/kotlin/kotlin-stdlib-jdk7/1.4.32/kotlin-stdlib-jdk7-1.4.32.jar:/home/development/.m2/repository/org/springframework/boot/spring-boot-starter-websocket/2.4.5/spring-boot-starter-websocket-2.4.5.jar:/home/development/.m2/repository/org/springframework/spring-messaging/5.3.6/spring-messaging-5.3.6.jar:/home/development/.m2/repository/org/springframework/spring-websocket/5.3.6/spring-websocket-5.3.6.jar:/home/development/.m2/repository/junit/junit/4.13.2/junit-4.13.2.jar:/home/development/.m2/repository/org/hamcrest/hamcrest-core/2.2/hamcrest-core-2.2.jar:/home/development/.m2/repository/io/cucumber/cucumber-core/6.8.0/cucumber-core-6.8.0.jar:/home/development/.m2/repository/io/cucumber/cucumber-gherkin/6.8.0/cucumber-gherkin-6.8.0.jar:/home/development/.m2/repository/io/cucumber/cucumber-gherkin-messages/6.8.0/cucumber-gherkin-messages-6.8.0.jar:/home/development/.m2/repository/io/cucumber/messages/13.1.0/messages-13.1.0.jar:/home/development/.m2/repository/io/cucumber/tag-expressions/3.0.0/tag-expressions-3.0.0.jar:/home/development/.m2/repository/io/cucumber/cucumber-expressions/10.3.0/cucumber-expressions-10.3.0.jar:/home/development/.m2/repository/io/cucumber/datatable/3.5.0/datatable-3.5.0.jar:/home/development/.m2/repository/io/cucumber/cucumber-plugin/6.8.0/cucumber-plugin-6.8.0.jar:/home/development/.m2/repository/io/cucumber/docstring/6.8.0/docstring-6.8.0.jar:/home/development/.m2/repository/io/cucumber/html-formatter/9.0.0/html-formatter-9.0.0.jar:/home/development/.m2/repository/io/cucumber/create-meta/2.0.2/create-meta-2.0.2.jar:/home/development/.m2/repository/org/apiguardian/apiguardian-api/1.1.0/apiguardian-api-1.1.0.jar:/home/development/.m2/repository/io/cucumber/cucumber-java/6.8.0/cucumber-java-6.8.0.jar:/home/development/.m2/repository/io/cucumber/cucumber-junit/6.8.0/cucumber-junit-6.8.0.jar:/home/development/.m2/repository/io/cucumber/cucumber-spring/6.8.0/cucumber-spring-6.8.0.jar:/home/development/.m2/repository/org/springframework/boot/spring-boot-starter-security/2.4.5/spring-boot-starter-security-2.4.5.jar:/home/development/.m2/repository/org/springframework/spring-aop/5.3.6/spring-aop-5.3.6.jar:/home/development/.m2/repository/org/springframework/security/spring-security-config/5.4.6/spring-security-config-5.4.6.jar:/home/development/.m2/repository/org/springframework/security/spring-security-web/5.4.6/spring-security-web-5.4.6.jar:/home/development/.m2/repository/com/google/guava/guava/31.0.1-jre/guava-31.0.1-jre.jar:/home/development/.m2/repository/com/google/guava/failureaccess/1.0.1/failureaccess-1.0.1.jar:/home/development/.m2/repository/com/google/guava/listenablefuture/9999.0-empty-to-avoid-conflict-with-guava/listenablefuture-9999.0-empty-to-avoid-conflict-with-guava.jar:/home/development/.m2/repository/com/google/code/findbugs/jsr305/3.0.2/jsr305-3.0.2.jar:/home/development/.m2/repository/org/checkerframework/checker-qual/3.12.0/checker-qual-3.12.0.jar:/home/development/.m2/repository/com/google/errorprone/error_prone_annotations/2.7.1/error_prone_annotations-2.7.1.jar:/home/development/.m2/repository/com/google/j2objc/j2objc-annotations/1.3/j2objc-annotations-1.3.jar:/home/development/.m2/repository/org/springframework/security/spring-security-test/5.4.6/spring-security-test-5.4.6.jar:/home/development/.m2/repository/org/springframework/security/spring-security-core/5.4.6/spring-security-core-5.4.6.jar:"/>
    <property name="sun.cpu.endian" value="little"/>
    <property name="user.home" value="/home/development"/>
    <property name="user.language" value="en"/>
    <property name="java.specification.vendor" value="Oracle Corporation"/>
    <property name="java.version.date" value="2023-07-18"/>
    <property name="java.home" value="/home/development/.jdks/corretto-17.0.8"/>
    <property name="file.separator" value="/"/>
    <property name="basedir" value="/home/development/dev/AAQUA/dynamodb-locally"/>
    <property name="java.vm.compressedOopsMode" value="Zero based"/>
    <property name="line.separator" value="&#10;"/>
    <property name="java.vm.specification.vendor" value="Oracle Corporation"/>
    <property name="java.specification.name" value="Java Platform API Specification"/>
    <property name="surefire.real.class.path" value="/home/development/dev/AAQUA/dynamodb-locally/target/surefire/surefirebooter10012788663638945348.jar"/>
    <property name="sun.management.compiler" value="HotSpot 64-Bit Tiered Compilers"/>
    <property name="java.runtime.version" value="17.0.8+7-LTS"/>
    <property name="user.name" value="development"/>
    <property name="path.separator" value=":"/>
    <property name="os.version" value="6.2.0-32-generic"/>
    <property name="java.runtime.name" value="OpenJDK Runtime Environment"/>
    <property name="file.encoding" value="UTF-8"/>
    <property name="java.vm.name" value="OpenJDK 64-Bit Server VM"/>
    <property name="java.vendor.version" value="Corretto-17.0.8.7.1"/>
    <property name="localRepository" value="/home/development/.m2/repository"/>
    <property name="java.vendor.url.bug" value="https://github.com/corretto/corretto-17/issues/"/>
    <property name="java.io.tmpdir" value="/tmp"/>
    <property name="idea.version" value="2023.2.2"/>
    <property name="java.version" value="17.0.8"/>
    <property name="user.dir" value="/home/development/dev/AAQUA/dynamodb-locally"/>
    <property name="os.arch" value="amd64"/>
    <property name="java.vm.specification.name" value="Java Virtual Machine Specification"/>
    <property name="native.encoding" value="UTF-8"/>
    <property name="java.library.path" value="/usr/java/packages/lib:/usr/lib64:/lib64:/lib:/usr/lib"/>
    <property name="java.vm.info" value="mixed mode, sharing"/>
    <property name="java.vendor" value="Amazon.com Inc."/>
    <property name="java.vm.version" value="17.0.8+7-LTS"/>
    <property name="sun.io.unicode.encoding" value="UnicodeLittle"/>
    <property name="java.class.version" value="61.0"/>
  </properties>
  <testcase name="testSaveStudent" classname="com.example.repository.StudentRepositoryTest" time="0.425"/>
  <testcase name="testUpdateStudent" classname="com.example.repository.StudentRepositoryTest" time="0.003"/>
  <testcase name="testFindAllStudents" classname="com.example.repository.StudentRepositoryTest" time="0.002"/>
  <testcase name="testFindStudentById" classname="com.example.repository.StudentRepositoryTest" time="0.003"/>
  <testcase name="testDeleteStudent" classname="com.example.repository.StudentRepositoryTest" time="0.003"/>
</testsuite>