<?xml version="1.0" encoding="UTF-8"?>
<testsuite xmlns:xsi="http://www.w3.org/2001/XMLSchema-instance" xsi:noNamespaceSchemaLocation="https://maven.apache.org/surefire/maven-surefire-plugin/xsd/surefire-test-report-3.0.xsd" version="3.0" name="com.example.service.StudentServiceTest" time="0.438" tests="3" errors="0" skipped="0" failures="0">
  <properties>
    <property name="java.specification.version" value="17"/>
    <property name="sun.jnu.encoding" value="UTF-8"/>
    <property name="java.class.path" value="/home/development/dev/AAQUA/dynamodb-locally/target/test-classes:/home/development/dev/AAQUA/dynamodb-locally/target/classes:/home/development/.m2/repository/org/springframework/boot/spring-boot-starter-web/3.1.2/spring-boot-starter-web-3.1.2.jar:/home/development/.m2/repository/org/springframework/boot/spring-boot-starter/3.1.2/spring-boot-starter-3.1.2.jar:/home/development/.m2/repository/org/springframework/boot/spring-boot/3.1.2/spring-boot-3.1.2.jar:/home/development/.m2/repository/org/springframework/boot/spring-boot-autoconfigure/3.1.2/spring-boot-autoconfigure-3.1.2.jar:/home/development/.m2/repository/org/springframework/boot/spring-boot-starter-logging/3.1.2/spring-boot-starter-logging-3.1.2.jar:/home/development/.m2/repository/ch/qos/logback/logback-classic/1.4.8/logback-classic-1.4.8.jar:/home/development/.m2/repository/ch/qos/logback/logback-core/1.4.8/logback-core-1.4.8.jar:/home/development/.m2/repository/org/apache/logging/log4j/log4j-to-slf4j/2.20.0/log4j-to-slf4j-2.20.0.jar:/home/development/.m2/repository/org/apache/logging/log4j/log4j-api/2.20.0/log4j-api-2.20.0.jar:/home/development/.m2/repository/org/slf4j/jul-to-slf4j/2.0.7/jul-to-slf4j-2.0.7.jar:/home/development/.m2/repository/jakarta/annotation/jakarta.annotation-api/2.1.1/jakarta.annotation-api-2.1.1.jar:/home/development/.m2/repository/org/yaml/snakeyaml/1.33/snakeyaml-1.33.jar:/home/development/.m2/repository/org/springframework/boot/spring-boot-starter-json/3.1.2/spring-boot-starter-json-3.1.2.jar:/home/development/.m2/repository/com/fasterxml/jackson/core/jackson-databind/2.15.2/jackson-databind-2.15.2.jar:/home/development/.m2/repository/com/fasterxml/jackson/core/jackson-annotations/2.15.2/jackson-annotations-2.15.2.jar:/home/development/.m2/repository/com/fasterxml/jackson/core/jackson-core/2.15.2/jackson-core-2.15.2.jar:/home/development/.m2/repository/com/fasterxml/jackson/datatype/jackson-datatype-jdk8/2.15.2/jackson-datatype-jdk8-2.15.2.jar:/home/development/.m2/repository/com/fasterxml/jackson/datatype/jackson-datatype-jsr310/2.15.2/jackson-datatype-jsr310-2.15.2.jar:/home/development/.m2/repository/com/fasterxml/jackson/module/jackson-module-parameter-names/2.15.2/jackson-module-parameter-names-2.15.2.jar:/home/development/.m2/repository/org/springframework/boot/spring-boot-starter-tomcat/3.1.2/spring-boot-starter-tomcat-3.1.2.jar:/home/development/.m2/repository/org/apache/tomcat/embed/tomcat-embed-core/10.1.11/tomcat-embed-core-10.1.11.jar:/home/development/.m2/repository/org/apache/tomcat/embed/tomcat-embed-el/10.1.11/tomcat-embed-el-10.1.11.jar:/home/development/.m2/repository/org/apache/tomcat/embed/tomcat-embed-websocket/10.1.11/tomcat-embed-websocket-10.1.11.jar:/home/development/.m2/repository/org/springframework/spring-web/6.0.11/spring-web-6.0.11.jar:/home/development/.m2/repository/org/springframework/spring-beans/6.0.11/spring-beans-6.0.11.jar:/home/development/.m2/repository/io/micrometer/micrometer-observation/1.11.2/micrometer-observation-1.11.2.jar:/home/development/.m2/repository/io/micrometer/micrometer-commons/1.11.2/micrometer-commons-1.11.2.jar:/home/development/.m2/repository/org/springframework/spring-webmvc/6.0.11/spring-webmvc-6.0.11.jar:/home/development/.m2/repository/org/springframework/spring-aop/6.0.11/spring-aop-6.0.11.jar:/home/development/.m2/repository/org/springframework/spring-expression/6.0.11/spring-expression-6.0.11.jar:/home/development/.m2/repository/org/projectlombok/lombok/1.18.28/lombok-1.18.28.jar:/home/development/.m2/repository/org/springframework/boot/spring-boot-starter-test/3.1.2/spring-boot-starter-test-3.1.2.jar:/home/development/.m2/repository/org/springframework/boot/spring-boot-test/3.1.2/spring-boot-test-3.1.2.jar:/home/development/.m2/repository/org/springframework/boot/spring-boot-test-autoconfigure/3.1.2/spring-boot-test-autoconfigure-3.1.2.jar:/home/development/.m2/repository/com/jayway/jsonpath/json-path/2.8.0/json-path-2.8.0.jar:/home/development/.m2/repository/jakarta/xml/bind/jakarta.xml.bind-api/4.0.0/jakarta.xml.bind-api-4.0.0.jar:/home/development/.m2/repository/jakarta/activation/jakarta.activation-api/2.1.2/jakarta.activation-api-2.1.2.jar:/home/development/.m2/repository/net/minidev/json-smart/2.4.11/json-smart-2.4.11.jar:/home/development/.m2/repository/net/minidev/accessors-smart/2.4.11/accessors-smart-2.4.11.jar:/home/development/.m2/repository/org/ow2/asm/asm/9.3/asm-9.3.jar:/home/development/.m2/repository/org/assertj/assertj-core/3.24.2/assertj-core-3.24.2.jar:/home/development/.m2/repository/net/bytebuddy/byte-buddy/1.14.5/byte-buddy-1.14.5.jar:/home/development/.m2/repository/org/hamcrest/hamcrest/2.2/hamcrest-2.2.jar:/home/development/.m2/repository/org/junit/jupiter/junit-jupiter/5.9.3/junit-jupiter-5.9.3.jar:/home/development/.m2/repository/org/junit/jupiter/junit-jupiter-api/5.9.3/junit-jupiter-api-5.9.3.jar:/home/development/.m2/repository/org/opentest4j/opentest4j/1.2.0/opentest4j-1.2.0.jar:/home/development/.m2/repository/org/junit/platform/junit-platform-commons/1.9.3/junit-platform-commons-1.9.3.jar:/home/development/.m2/repository/org/junit/jupiter/junit-jupiter-params/5.9.3/junit-jupiter-params-5.9.3.jar:/home/development/.m2/repository/org/junit/jupiter/junit-jupiter-engine/5.9.3/junit-jupiter-engine-5.9.3.jar:/home/development/.m2/repository/org/junit/platform/junit-platform-engine/1.9.3/junit-platform-engine-1.9.3.jar:/home/development/.m2/repository/org/mockito/mockito-core/5.3.1/mockito-core-5.3.1.jar:/home/development/.m2/repository/net/bytebuddy/byte-buddy-agent/1.14.5/byte-buddy-agent-1.14.5.jar:/home/development/.m2/repository/org/objenesis/objenesis/3.3/objenesis-3.3.jar:/home/development/.m2/repository/org/mockito/mockito-junit-jupiter/5.3.1/mockito-junit-jupiter-5.3.1.jar:/home/development/.m2/repository/org/skyscreamer/jsonassert/1.5.1/jsonassert-1.5.1.jar:/home/development/.m2/repository/com/vaadin/external/google/android-json/0.0.20131108.vaadin1/android-json-0.0.20131108.vaadin1.jar:/home/development/.m2/repository/org/springframework/spring-core/6.0.11/spring-core-6.0.11.jar:/home/development/.m2/repository/org/springframework/spring-jcl/6.0.11/spring-jcl-6.0.11.jar:/home/development/.m2/repository/org/springframework/spring-test/6.0.11/spring-test-6.0.11.jar:/home/development/.m2/repository/org/xmlunit/xmlunit-core/2.9.1/xmlunit-core-2.9.1.jar:/home/development/.m2/repository/com/amazonaws/aws-java-sdk-dynamodb/1.12.532/aws-java-sdk-dynamodb-1.12.532.jar:/home/development/.m2/repository/com/amazonaws/aws-java-sdk-s3/1.12.532/aws-java-sdk-s3-1.12.532.jar:/home/development/.m2/repository/com/amazonaws/aws-java-sdk-kms/1.12.532/aws-java-sdk-kms-1.12.532.jar:/home/development/.m2/repository/com/amazonaws/aws-java-sdk-core/1.12.532/aws-java-sdk-core-1.12.532.jar:/home/development/.m2/repository/commons-logging/commons-logging/1.1.3/commons-logging-1.1.3.jar:/home/development/.m2/repository/commons-codec/commons-codec/1.15/commons-codec-1.15.jar:/home/development/.m2/repository/org/apache/httpcomponents/httpclient/4.5.13/httpclient-4.5.13.jar:/home/development/.m2/repository/org/apache/httpcomponents/httpcore/4.4.16/httpcore-4.4.16.jar:/home/development/.m2/repository/software/amazon/ion/ion-java/1.0.2/ion-java-1.0.2.jar:/home/development/.m2/repository/com/fasterxml/jackson/dataformat/jackson-dataformat-cbor/2.15.2/jackson-dataformat-cbor-2.15.2.jar:/home/development/.m2/repository/joda-time/joda-time/2.8.1/joda-time-2.8.1.jar:/home/development/.m2/repository/com/amazonaws/jmespath-java/1.12.532/jmespath-java-1.12.532.jar:/home/development/.m2/repository/com/github/derjust/spring-data-dynamodb/5.1.0/spring-data-dynamodb-5.1.0.jar:/home/development/.m2/repository/org/springframework/spring-context/6.0.11/spring-context-6.0.11.jar:/home/development/.m2/repository/org/springframework/spring-tx/6.0.11/spring-tx-6.0.11.jar:/home/development/.m2/repository/org/springframework/data/spring-data-commons/3.1.2/spring-data-commons-3.1.2.jar:/home/development/.m2/repository/org/hibernate/validator/hibernate-validator/8.0.1.Final/hibernate-validator-8.0.1.Final.jar:/home/development/.m2/repository/jakarta/validation/jakarta.validation-api/3.0.2/jakarta.validation-api-3.0.2.jar:/home/development/.m2/repository/org/jboss/logging/jboss-logging/3.5.3.Final/jboss-logging-3.5.3.Final.jar:/home/development/.m2/repository/com/fasterxml/classmate/1.5.1/classmate-1.5.1.jar:/home/development/.m2/repository/javax/enterprise/cdi-api/1.2/cdi-api-1.2.jar:/home/development/.m2/repository/javax/el/javax.el-api/3.0.0/javax.el-api-3.0.0.jar:/home/development/.m2/repository/javax/interceptor/javax.interceptor-api/1.2/javax.interceptor-api-1.2.jar:/home/development/.m2/repository/javax/inject/javax.inject/1/javax.inject-1.jar:/home/development/.m2/repository/io/github/boostchicken/spring-data-dynamodb/5.2.5/spring-data-dynamodb-5.2.5.jar:/home/development/.m2/repository/junit/junit/4.13.2/junit-4.13.2.jar:/home/development/.m2/repository/org/hamcrest/hamcrest-core/2.2/hamcrest-core-2.2.jar:/home/development/.m2/repository/io/cucumber/cucumber-core/6.8.0/cucumber-core-6.8.0.jar:/home/development/.m2/repository/io/cucumber/cucumber-gherkin/6.8.0/cucumber-gherkin-6.8.0.jar:/home/development/.m2/repository/io/cucumber/cucumber-gherkin-messages/6.8.0/cucumber-gherkin-messages-6.8.0.jar:/home/development/.m2/repository/io/cucumber/messages/13.1.0/messages-13.1.0.jar:/home/development/.m2/repository/io/cucumber/tag-expressions/3.0.0/tag-expressions-3.0.0.jar:/home/development/.m2/repository/io/cucumber/cucumber-expressions/10.3.0/cucumber-expressions-10.3.0.jar:/home/development/.m2/repository/io/cucumber/datatable/3.5.0/datatable-3.5.0.jar:/home/development/.m2/repository/io/cucumber/cucumber-plugin/6.8.0/cucumber-plugin-6.8.0.jar:/home/development/.m2/repository/io/cucumber/docstring/6.8.0/docstring-6.8.0.jar:/home/development/.m2/repository/io/cucumber/html-formatter/9.0.0/html-formatter-9.0.0.jar:/home/development/.m2/repository/io/cucumber/create-meta/2.0.2/create-meta-2.0.2.jar:/home/development/.m2/repository/org/apiguardian/apiguardian-api/1.1.0/apiguardian-api-1.1.0.jar:/home/development/.m2/repository/io/cucumber/cucumber-java/6.8.0/cucumber-java-6.8.0.jar:/home/development/.m2/repository/io/cucumber/cucumber-junit/6.8.0/cucumber-junit-6.8.0.jar:/home/development/.m2/repository/io/cucumber/cucumber-spring/6.8.0/cucumber-spring-6.8.0.jar:/home/development/.m2/repository/org/grpcmock/grpcmock-spring-boot/0.5.2/grpcmock-spring-boot-0.5.2.jar:/home/development/.m2/repository/org/grpcmock/grpcmock-core/0.5.2/grpcmock-core-0.5.2.jar:/home/development/.m2/repository/org/slf4j/slf4j-api/2.0.7/slf4j-api-2.0.7.jar:/home/development/.m2/repository/io/grpc/grpc-protobuf/1.30.2/grpc-protobuf-1.30.2.jar:/home/development/.m2/repository/com/google/code/findbugs/jsr305/3.0.2/jsr305-3.0.2.jar:/home/development/.m2/repository/com/google/protobuf/protobuf-java/3.12.0/protobuf-java-3.12.0.jar:/home/development/.m2/repository/com/google/api/grpc/proto-google-common-protos/1.17.0/proto-google-common-protos-1.17.0.jar:/home/development/.m2/repository/io/grpc/grpc-protobuf-lite/1.30.2/grpc-protobuf-lite-1.30.2.jar:/home/development/.m2/repository/com/google/guava/guava/28.2-android/guava-28.2-android.jar:/home/development/.m2/repository/com/google/guava/failureaccess/1.0.1/failureaccess-1.0.1.jar:/home/development/.m2/repository/com/google/guava/listenablefuture/9999.0-empty-to-avoid-conflict-with-guava/listenablefuture-9999.0-empty-to-avoid-conflict-with-guava.jar:/home/development/.m2/repository/org/checkerframework/checker-compat-qual/2.5.5/checker-compat-qual-2.5.5.jar:/home/development/.m2/repository/com/google/j2objc/j2objc-annotations/1.3/j2objc-annotations-1.3.jar:/home/development/.m2/repository/com/google/errorprone/error_prone_annotations/2.3.4/error_prone_annotations-2.3.4.jar:/home/development/.m2/repository/org/codehaus/mojo/animal-sniffer-annotations/1.18/animal-sniffer-annotations-1.18.jar:/home/development/.m2/repository/io/grpc/grpc-stub/1.30.2/grpc-stub-1.30.2.jar:/home/development/.m2/repository/net/devh/grpc-server-spring-boot-autoconfigure/2.11.0.RELEASE/grpc-server-spring-boot-autoconfigure-2.11.0.RELEASE.jar:/home/development/.m2/repository/net/devh/grpc-common-spring-boot/2.11.0.RELEASE/grpc-common-spring-boot-2.11.0.RELEASE.jar:/home/development/.m2/repository/io/grpc/grpc-core/1.35.0/grpc-core-1.35.0.jar:/home/development/.m2/repository/com/google/code/gson/gson/2.10.1/gson-2.10.1.jar:/home/development/.m2/repository/com/google/android/annotations/4.1.1.4/annotations-4.1.1.4.jar:/home/development/.m2/repository/io/perfmark/perfmark-api/0.23.0/perfmark-api-0.23.0.jar:/home/development/.m2/repository/io/grpc/grpc-netty-shaded/1.35.0/grpc-netty-shaded-1.35.0.jar:/home/development/.m2/repository/io/grpc/grpc-services/1.35.0/grpc-services-1.35.0.jar:/home/development/.m2/repository/com/google/protobuf/protobuf-java-util/3.12.0/protobuf-java-util-3.12.0.jar:/home/development/.m2/repository/io/grpc/grpc-api/1.35.0/grpc-api-1.35.0.jar:/home/development/.m2/repository/io/grpc/grpc-context/1.35.0/grpc-context-1.35.0.jar:"/>
    <property name="java.vm.vendor" value="Amazon.com Inc."/>
    <property name="sun.arch.data.model" value="64"/>
    <property name="java.vendor.url" value="https://aws.amazon.com/corretto/"/>
    <property name="user.timezone" value="Asia/Jakarta"/>
    <property name="org.jboss.logging.provider" value="slf4j"/>
    <property name="os.name" value="Linux"/>
    <property name="java.vm.specification.version" value="17"/>
    <property name="sun.java.launcher" value="SUN_STANDARD"/>
    <property name="user.country" value="US"/>
    <property name="sun.boot.library.path" value="/home/development/.jdks/corretto-17.0.8/lib"/>
    <property name="sun.java.command" value="/home/development/dev/AAQUA/dynamodb-locally/target/surefire/surefirebooter-20230908144533849_3.jar /home/development/dev/AAQUA/dynamodb-locally/target/surefire 2023-09-08T14-45-33_758-jvmRun1 surefire-20230908144533849_1tmp surefire_0-20230908144533849_2tmp"/>
    <property name="jdk.debug" value="release"/>
    <property name="surefire.test.class.path" value="/home/development/dev/AAQUA/dynamodb-locally/target/test-classes:/home/development/dev/AAQUA/dynamodb-locally/target/classes:/home/development/.m2/repository/org/springframework/boot/spring-boot-starter-web/3.1.2/spring-boot-starter-web-3.1.2.jar:/home/development/.m2/repository/org/springframework/boot/spring-boot-starter/3.1.2/spring-boot-starter-3.1.2.jar:/home/development/.m2/repository/org/springframework/boot/spring-boot/3.1.2/spring-boot-3.1.2.jar:/home/development/.m2/repository/org/springframework/boot/spring-boot-autoconfigure/3.1.2/spring-boot-autoconfigure-3.1.2.jar:/home/development/.m2/repository/org/springframework/boot/spring-boot-starter-logging/3.1.2/spring-boot-starter-logging-3.1.2.jar:/home/development/.m2/repository/ch/qos/logback/logback-classic/1.4.8/logback-classic-1.4.8.jar:/home/development/.m2/repository/ch/qos/logback/logback-core/1.4.8/logback-core-1.4.8.jar:/home/development/.m2/repository/org/apache/logging/log4j/log4j-to-slf4j/2.20.0/log4j-to-slf4j-2.20.0.jar:/home/development/.m2/repository/org/apache/logging/log4j/log4j-api/2.20.0/log4j-api-2.20.0.jar:/home/development/.m2/repository/org/slf4j/jul-to-slf4j/2.0.7/jul-to-slf4j-2.0.7.jar:/home/development/.m2/repository/jakarta/annotation/jakarta.annotation-api/2.1.1/jakarta.annotation-api-2.1.1.jar:/home/development/.m2/repository/org/yaml/snakeyaml/1.33/snakeyaml-1.33.jar:/home/development/.m2/repository/org/springframework/boot/spring-boot-starter-json/3.1.2/spring-boot-starter-json-3.1.2.jar:/home/development/.m2/repository/com/fasterxml/jackson/core/jackson-databind/2.15.2/jackson-databind-2.15.2.jar:/home/development/.m2/repository/com/fasterxml/jackson/core/jackson-annotations/2.15.2/jackson-annotations-2.15.2.jar:/home/development/.m2/repository/com/fasterxml/jackson/core/jackson-core/2.15.2/jackson-core-2.15.2.jar:/home/development/.m2/repository/com/fasterxml/jackson/datatype/jackson-datatype-jdk8/2.15.2/jackson-datatype-jdk8-2.15.2.jar:/home/development/.m2/repository/com/fasterxml/jackson/datatype/jackson-datatype-jsr310/2.15.2/jackson-datatype-jsr310-2.15.2.jar:/home/development/.m2/repository/com/fasterxml/jackson/module/jackson-module-parameter-names/2.15.2/jackson-module-parameter-names-2.15.2.jar:/home/development/.m2/repository/org/springframework/boot/spring-boot-starter-tomcat/3.1.2/spring-boot-starter-tomcat-3.1.2.jar:/home/development/.m2/repository/org/apache/tomcat/embed/tomcat-embed-core/10.1.11/tomcat-embed-core-10.1.11.jar:/home/development/.m2/repository/org/apache/tomcat/embed/tomcat-embed-el/10.1.11/tomcat-embed-el-10.1.11.jar:/home/development/.m2/repository/org/apache/tomcat/embed/tomcat-embed-websocket/10.1.11/tomcat-embed-websocket-10.1.11.jar:/home/development/.m2/repository/org/springframework/spring-web/6.0.11/spring-web-6.0.11.jar:/home/development/.m2/repository/org/springframework/spring-beans/6.0.11/spring-beans-6.0.11.jar:/home/development/.m2/repository/io/micrometer/micrometer-observation/1.11.2/micrometer-observation-1.11.2.jar:/home/development/.m2/repository/io/micrometer/micrometer-commons/1.11.2/micrometer-commons-1.11.2.jar:/home/development/.m2/repository/org/springframework/spring-webmvc/6.0.11/spring-webmvc-6.0.11.jar:/home/development/.m2/repository/org/springframework/spring-aop/6.0.11/spring-aop-6.0.11.jar:/home/development/.m2/repository/org/springframework/spring-expression/6.0.11/spring-expression-6.0.11.jar:/home/development/.m2/repository/org/projectlombok/lombok/1.18.28/lombok-1.18.28.jar:/home/development/.m2/repository/org/springframework/boot/spring-boot-starter-test/3.1.2/spring-boot-starter-test-3.1.2.jar:/home/development/.m2/repository/org/springframework/boot/spring-boot-test/3.1.2/spring-boot-test-3.1.2.jar:/home/development/.m2/repository/org/springframework/boot/spring-boot-test-autoconfigure/3.1.2/spring-boot-test-autoconfigure-3.1.2.jar:/home/development/.m2/repository/com/jayway/jsonpath/json-path/2.8.0/json-path-2.8.0.jar:/home/development/.m2/repository/jakarta/xml/bind/jakarta.xml.bind-api/4.0.0/jakarta.xml.bind-api-4.0.0.jar:/home/development/.m2/repository/jakarta/activation/jakarta.activation-api/2.1.2/jakarta.activation-api-2.1.2.jar:/home/development/.m2/repository/net/minidev/json-smart/2.4.11/json-smart-2.4.11.jar:/home/development/.m2/repository/net/minidev/accessors-smart/2.4.11/accessors-smart-2.4.11.jar:/home/development/.m2/repository/org/ow2/asm/asm/9.3/asm-9.3.jar:/home/development/.m2/repository/org/assertj/assertj-core/3.24.2/assertj-core-3.24.2.jar:/home/development/.m2/repository/net/bytebuddy/byte-buddy/1.14.5/byte-buddy-1.14.5.jar:/home/development/.m2/repository/org/hamcrest/hamcrest/2.2/hamcrest-2.2.jar:/home/development/.m2/repository/org/junit/jupiter/junit-jupiter/5.9.3/junit-jupiter-5.9.3.jar:/home/development/.m2/repository/org/junit/jupiter/junit-jupiter-api/5.9.3/junit-jupiter-api-5.9.3.jar:/home/development/.m2/repository/org/opentest4j/opentest4j/1.2.0/opentest4j-1.2.0.jar:/home/development/.m2/repository/org/junit/platform/junit-platform-commons/1.9.3/junit-platform-commons-1.9.3.jar:/home/development/.m2/repository/org/junit/jupiter/junit-jupiter-params/5.9.3/junit-jupiter-params-5.9.3.jar:/home/development/.m2/repository/org/junit/jupiter/junit-jupiter-engine/5.9.3/junit-jupiter-engine-5.9.3.jar:/home/development/.m2/repository/org/junit/platform/junit-platform-engine/1.9.3/junit-platform-engine-1.9.3.jar:/home/development/.m2/repository/org/mockito/mockito-core/5.3.1/mockito-core-5.3.1.jar:/home/development/.m2/repository/net/bytebuddy/byte-buddy-agent/1.14.5/byte-buddy-agent-1.14.5.jar:/home/development/.m2/repository/org/objenesis/objenesis/3.3/objenesis-3.3.jar:/home/development/.m2/repository/org/mockito/mockito-junit-jupiter/5.3.1/mockito-junit-jupiter-5.3.1.jar:/home/development/.m2/repository/org/skyscreamer/jsonassert/1.5.1/jsonassert-1.5.1.jar:/home/development/.m2/repository/com/vaadin/external/google/android-json/0.0.20131108.vaadin1/android-json-0.0.20131108.vaadin1.jar:/home/development/.m2/repository/org/springframework/spring-core/6.0.11/spring-core-6.0.11.jar:/home/development/.m2/repository/org/springframework/spring-jcl/6.0.11/spring-jcl-6.0.11.jar:/home/development/.m2/repository/org/springframework/spring-test/6.0.11/spring-test-6.0.11.jar:/home/development/.m2/repository/org/xmlunit/xmlunit-core/2.9.1/xmlunit-core-2.9.1.jar:/home/development/.m2/repository/com/amazonaws/aws-java-sdk-dynamodb/1.12.532/aws-java-sdk-dynamodb-1.12.532.jar:/home/development/.m2/repository/com/amazonaws/aws-java-sdk-s3/1.12.532/aws-java-sdk-s3-1.12.532.jar:/home/development/.m2/repository/com/amazonaws/aws-java-sdk-kms/1.12.532/aws-java-sdk-kms-1.12.532.jar:/home/development/.m2/repository/com/amazonaws/aws-java-sdk-core/1.12.532/aws-java-sdk-core-1.12.532.jar:/home/development/.m2/repository/commons-logging/commons-logging/1.1.3/commons-logging-1.1.3.jar:/home/development/.m2/repository/commons-codec/commons-codec/1.15/commons-codec-1.15.jar:/home/development/.m2/repository/org/apache/httpcomponents/httpclient/4.5.13/httpclient-4.5.13.jar:/home/development/.m2/repository/org/apache/httpcomponents/httpcore/4.4.16/httpcore-4.4.16.jar:/home/development/.m2/repository/software/amazon/ion/ion-java/1.0.2/ion-java-1.0.2.jar:/home/development/.m2/repository/com/fasterxml/jackson/dataformat/jackson-dataformat-cbor/2.15.2/jackson-dataformat-cbor-2.15.2.jar:/home/development/.m2/repository/joda-time/joda-time/2.8.1/joda-time-2.8.1.jar:/home/development/.m2/repository/com/amazonaws/jmespath-java/1.12.532/jmespath-java-1.12.532.jar:/home/development/.m2/repository/com/github/derjust/spring-data-dynamodb/5.1.0/spring-data-dynamodb-5.1.0.jar:/home/development/.m2/repository/org/springframework/spring-context/6.0.11/spring-context-6.0.11.jar:/home/development/.m2/repository/org/springframework/spring-tx/6.0.11/spring-tx-6.0.11.jar:/home/development/.m2/repository/org/springframework/data/spring-data-commons/3.1.2/spring-data-commons-3.1.2.jar:/home/development/.m2/repository/org/hibernate/validator/hibernate-validator/8.0.1.Final/hibernate-validator-8.0.1.Final.jar:/home/development/.m2/repository/jakarta/validation/jakarta.validation-api/3.0.2/jakarta.validation-api-3.0.2.jar:/home/development/.m2/repository/org/jboss/logging/jboss-logging/3.5.3.Final/jboss-logging-3.5.3.Final.jar:/home/development/.m2/repository/com/fasterxml/classmate/1.5.1/classmate-1.5.1.jar:/home/development/.m2/repository/javax/enterprise/cdi-api/1.2/cdi-api-1.2.jar:/home/development/.m2/repository/javax/el/javax.el-api/3.0.0/javax.el-api-3.0.0.jar:/home/development/.m2/repository/javax/interceptor/javax.interceptor-api/1.2/javax.interceptor-api-1.2.jar:/home/development/.m2/repository/javax/inject/javax.inject/1/javax.inject-1.jar:/home/development/.m2/repository/io/github/boostchicken/spring-data-dynamodb/5.2.5/spring-data-dynamodb-5.2.5.jar:/home/development/.m2/repository/junit/junit/4.13.2/junit-4.13.2.jar:/home/development/.m2/repository/org/hamcrest/hamcrest-core/2.2/hamcrest-core-2.2.jar:/home/development/.m2/repository/io/cucumber/cucumber-core/6.8.0/cucumber-core-6.8.0.jar:/home/development/.m2/repository/io/cucumber/cucumber-gherkin/6.8.0/cucumber-gherkin-6.8.0.jar:/home/development/.m2/repository/io/cucumber/cucumber-gherkin-messages/6.8.0/cucumber-gherkin-messages-6.8.0.jar:/home/development/.m2/repository/io/cucumber/messages/13.1.0/messages-13.1.0.jar:/home/development/.m2/repository/io/cucumber/tag-expressions/3.0.0/tag-expressions-3.0.0.jar:/home/development/.m2/repository/io/cucumber/cucumber-expressions/10.3.0/cucumber-expressions-10.3.0.jar:/home/development/.m2/repository/io/cucumber/datatable/3.5.0/datatable-3.5.0.jar:/home/development/.m2/repository/io/cucumber/cucumber-plugin/6.8.0/cucumber-plugin-6.8.0.jar:/home/development/.m2/repository/io/cucumber/docstring/6.8.0/docstring-6.8.0.jar:/home/development/.m2/repository/io/cucumber/html-formatter/9.0.0/html-formatter-9.0.0.jar:/home/development/.m2/repository/io/cucumber/create-meta/2.0.2/create-meta-2.0.2.jar:/home/development/.m2/repository/org/apiguardian/apiguardian-api/1.1.0/apiguardian-api-1.1.0.jar:/home/development/.m2/repository/io/cucumber/cucumber-java/6.8.0/cucumber-java-6.8.0.jar:/home/development/.m2/repository/io/cucumber/cucumber-junit/6.8.0/cucumber-junit-6.8.0.jar:/home/development/.m2/repository/io/cucumber/cucumber-spring/6.8.0/cucumber-spring-6.8.0.jar:/home/development/.m2/repository/org/grpcmock/grpcmock-spring-boot/0.5.2/grpcmock-spring-boot-0.5.2.jar:/home/development/.m2/repository/org/grpcmock/grpcmock-core/0.5.2/grpcmock-core-0.5.2.jar:/home/development/.m2/repository/org/slf4j/slf4j-api/2.0.7/slf4j-api-2.0.7.jar:/home/development/.m2/repository/io/grpc/grpc-protobuf/1.30.2/grpc-protobuf-1.30.2.jar:/home/development/.m2/repository/com/google/code/findbugs/jsr305/3.0.2/jsr305-3.0.2.jar:/home/development/.m2/repository/com/google/protobuf/protobuf-java/3.12.0/protobuf-java-3.12.0.jar:/home/development/.m2/repository/com/google/api/grpc/proto-google-common-protos/1.17.0/proto-google-common-protos-1.17.0.jar:/home/development/.m2/repository/io/grpc/grpc-protobuf-lite/1.30.2/grpc-protobuf-lite-1.30.2.jar:/home/development/.m2/repository/com/google/guava/guava/28.2-android/guava-28.2-android.jar:/home/development/.m2/repository/com/google/guava/failureaccess/1.0.1/failureaccess-1.0.1.jar:/home/development/.m2/repository/com/google/guava/listenablefuture/9999.0-empty-to-avoid-conflict-with-guava/listenablefuture-9999.0-empty-to-avoid-conflict-with-guava.jar:/home/development/.m2/repository/org/checkerframework/checker-compat-qual/2.5.5/checker-compat-qual-2.5.5.jar:/home/development/.m2/repository/com/google/j2objc/j2objc-annotations/1.3/j2objc-annotations-1.3.jar:/home/development/.m2/repository/com/google/errorprone/error_prone_annotations/2.3.4/error_prone_annotations-2.3.4.jar:/home/development/.m2/repository/org/codehaus/mojo/animal-sniffer-annotations/1.18/animal-sniffer-annotations-1.18.jar:/home/development/.m2/repository/io/grpc/grpc-stub/1.30.2/grpc-stub-1.30.2.jar:/home/development/.m2/repository/net/devh/grpc-server-spring-boot-autoconfigure/2.11.0.RELEASE/grpc-server-spring-boot-autoconfigure-2.11.0.RELEASE.jar:/home/development/.m2/repository/net/devh/grpc-common-spring-boot/2.11.0.RELEASE/grpc-common-spring-boot-2.11.0.RELEASE.jar:/home/development/.m2/repository/io/grpc/grpc-core/1.35.0/grpc-core-1.35.0.jar:/home/development/.m2/repository/com/google/code/gson/gson/2.10.1/gson-2.10.1.jar:/home/development/.m2/repository/com/google/android/annotations/4.1.1.4/annotations-4.1.1.4.jar:/home/development/.m2/repository/io/perfmark/perfmark-api/0.23.0/perfmark-api-0.23.0.jar:/home/development/.m2/repository/io/grpc/grpc-netty-shaded/1.35.0/grpc-netty-shaded-1.35.0.jar:/home/development/.m2/repository/io/grpc/grpc-services/1.35.0/grpc-services-1.35.0.jar:/home/development/.m2/repository/com/google/protobuf/protobuf-java-util/3.12.0/protobuf-java-util-3.12.0.jar:/home/development/.m2/repository/io/grpc/grpc-api/1.35.0/grpc-api-1.35.0.jar:/home/development/.m2/repository/io/grpc/grpc-context/1.35.0/grpc-context-1.35.0.jar:"/>
    <property name="sun.cpu.endian" value="little"/>
    <property name="user.home" value="/home/development"/>
    <property name="user.language" value="en"/>
    <property name="java.specification.vendor" value="Oracle Corporation"/>
    <property name="java.version.date" value="2023-07-18"/>
    <property name="java.home" value="/home/development/.jdks/corretto-17.0.8"/>
    <property name="file.separator" value="/"/>
    <property name="basedir" value="/home/development/dev/AAQUA/dynamodb-locally"/>
    <property name="java.vm.compressedOopsMode" value="Zero based"/>
    <property name="line.separator" value="&#10;"/>
    <property name="java.vm.specification.vendor" value="Oracle Corporation"/>
    <property name="java.specification.name" value="Java Platform API Specification"/>
    <property name="FILE_LOG_CHARSET" value="UTF-8"/>
    <property name="java.awt.headless" value="true"/>
    <property name="surefire.real.class.path" value="/home/development/dev/AAQUA/dynamodb-locally/target/surefire/surefirebooter-20230908144533849_3.jar"/>
    <property name="sun.management.compiler" value="HotSpot 64-Bit Tiered Compilers"/>
    <property name="java.runtime.version" value="17.0.8+7-LTS"/>
    <property name="user.name" value="development"/>
    <property name="path.separator" value=":"/>
    <property name="os.version" value="6.2.0-32-generic"/>
    <property name="java.runtime.name" value="OpenJDK Runtime Environment"/>
    <property name="file.encoding" value="UTF-8"/>
    <property name="java.vm.name" value="OpenJDK 64-Bit Server VM"/>
    <property name="java.vendor.version" value="Corretto-17.0.8.7.1"/>
    <property name="localRepository" value="/home/development/.m2/repository"/>
    <property name="java.vendor.url.bug" value="https://github.com/corretto/corretto-17/issues/"/>
    <property name="java.io.tmpdir" value="/tmp"/>
    <property name="idea.version" value="2023.2.1"/>
    <property name="java.version" value="17.0.8"/>
    <property name="user.dir" value="/home/development/dev/AAQUA/dynamodb-locally"/>
    <property name="os.arch" value="amd64"/>
    <property name="java.vm.specification.name" value="Java Virtual Machine Specification"/>
    <property name="PID" value="21655"/>
    <property name="CONSOLE_LOG_CHARSET" value="UTF-8"/>
    <property name="native.encoding" value="UTF-8"/>
    <property name="java.library.path" value="/usr/java/packages/lib:/usr/lib64:/lib64:/lib:/usr/lib"/>
    <property name="java.vm.info" value="mixed mode, sharing"/>
    <property name="java.vendor" value="Amazon.com Inc."/>
    <property name="java.vm.version" value="17.0.8+7-LTS"/>
    <property name="sun.io.unicode.encoding" value="UnicodeLittle"/>
    <property name="java.class.version" value="61.0"/>
  </properties>
  <testcase name="shouldReturnSuccess" classname="com.example.service.StudentServiceTest" time="0.073">
    <system-out><![CDATA[2023-09-08T14:45:39.016+07:00  INFO 21655 --- [           main] t.c.s.AnnotationConfigContextLoaderUtils : Could not detect default configuration classes for test class [com.example.service.StudentServiceTest]: StudentServiceTest does not declare any static, non-private, non-final, nested classes annotated with @Configuration.
2023-09-08T14:45:39.024+07:00  INFO 21655 --- [           main] .b.t.c.SpringBootTestContextBootstrapper : Found @SpringBootConfiguration com.example.DemoApplication for test class com.example.service.StudentServiceTest

  .   ____          _            __ _ _
 /\\ / ___'_ __ _ _(_)_ __  __ _ \ \ \ \
( ( )\___ | '_ | '_| | '_ \/ _` | \ \ \ \
 \\/  ___)| |_)| | | | | || (_| |  ) ) ) )
  '  |____| .__|_| |_|_| |_\__, | / / / /
 =========|_|==============|___/=/_/_/_/
 :: Spring Boot ::                (v3.1.2)

2023-09-08T14:45:39.052+07:00  INFO 21655 --- [           main] com.example.service.StudentServiceTest   : Starting StudentServiceTest using Java 17.0.8 with PID 21655 (started by development in /home/development/dev/AAQUA/dynamodb-locally)
2023-09-08T14:45:39.053+07:00  INFO 21655 --- [           main] com.example.service.StudentServiceTest   : No active profile set, falling back to 1 default profile: "default"
2023-09-08T14:45:39.336+07:00  INFO 21655 --- [           main] com.example.service.StudentServiceTest   : Started StudentServiceTest in 0.308 seconds (process running for 5.44)
]]></system-out>
  </testcase>
  <testcase name="shouldReturnName" classname="com.example.service.StudentServiceTest" time="0.018"/>
  <testcase name="shouldReturnClassNumber" classname="com.example.service.StudentServiceTest" time="0.017"/>
</testsuite>